Dataset/pockethub-Mut/app/build/intermediates/manifest_merge_blame_file/debug/manifest-merger-blame-debug-report.txt
1<?xml version="1.0" encoding="utf-8"?>
2<manifest xmlns:android="http://schemas.android.com/apk/res/android"
3    package="com.github.pockethub.android.debug"
4    android:versionCode="5100"
5    android:versionName="0.5.1" >
6
7    <uses-sdk
8        android:minSdkVersion="19"
8-->src/main/AndroidManifest.xml
9        android:targetSdkVersion="28" />
9-->src/main/AndroidManifest.xml
10
11    <uses-permission android:name="android.permission.INTERNET" />
11-->src/main/AndroidManifest.xml:6:5-67
11-->src/main/AndroidManifest.xml:6:22-64
12    <uses-permission android:name="android.permission.ACCESS_NETWORK_STATE" />
12-->src/main/AndroidManifest.xml:7:5-78
12-->src/main/AndroidManifest.xml:7:22-76
13    <uses-permission android:name="android.permission.GET_ACCOUNTS" />
13-->src/main/AndroidManifest.xml:8:5-71
13-->src/main/AndroidManifest.xml:8:22-68
14    <uses-permission android:name="android.permission.MANAGE_ACCOUNTS" />
14-->src/main/AndroidManifest.xml:9:5-74
14-->src/main/AndroidManifest.xml:9:22-71
15    <uses-permission android:name="android.permission.AUTHENTICATE_ACCOUNTS" />
15-->src/main/AndroidManifest.xml:10:5-80
15-->src/main/AndroidManifest.xml:10:22-77
16    <uses-permission android:name="android.permission.READ_SYNC_SETTINGS" />
16-->src/main/AndroidManifest.xml:11:5-77
16-->src/main/AndroidManifest.xml:11:22-74
17    <uses-permission android:name="android.permission.READ_SYNC_STATS" />
17-->src/main/AndroidManifest.xml:12:5-74
17-->src/main/AndroidManifest.xml:12:22-71
18    <uses-permission android:name="android.permission.USE_CREDENTIALS" />
18-->src/main/AndroidManifest.xml:13:5-74
18-->src/main/AndroidManifest.xml:13:22-71
19    <uses-permission android:name="android.permission.WRITE_SYNC_SETTINGS" />
19-->src/main/AndroidManifest.xml:14:5-78
19-->src/main/AndroidManifest.xml:14:22-75
20    <uses-permission android:name="android.permission.READ_EXTERNAL_STORAGE" />
20-->src/main/AndroidManifest.xml:15:5-80
20-->src/main/AndroidManifest.xml:15:22-77
21    <uses-permission android:name="android.permission.BLUETOOTH" />
21-->src/main/AndroidManifest.xml:17:5-67
21-->src/main/AndroidManifest.xml:17:22-65
22    <uses-permission android:name="android.permission.BLUETOOTH_ADMIN" />
22-->src/main/AndroidManifest.xml:18:5-73
22-->src/main/AndroidManifest.xml:18:22-71
23    <uses-permission android:name="android.permission.ACCESS_FINE_LOCATION" />
23-->src/main/AndroidManifest.xml:19:5-78
23-->src/main/AndroidManifest.xml:19:22-76
24    <uses-permission android:name="android.permission.ACCESS_WIFI_STATE" />
24-->src/main/AndroidManifest.xml:20:5-75
24-->src/main/AndroidManifest.xml:20:22-73
25    <uses-permission android:name="android.permission.WRITE_EXTERNAL_STORAGE" />
25-->src/main/AndroidManifest.xml:22:5-81
25-->src/main/AndroidManifest.xml:22:22-78
26
27    <supports-screens
27-->src/main/AndroidManifest.xml:24:5-28:40
28        android:largeScreens="true"
28-->src/main/AndroidManifest.xml:25:9-36
29        android:normalScreens="true"
29-->src/main/AndroidManifest.xml:26:9-37
30        android:smallScreens="true"
30-->src/main/AndroidManifest.xml:27:9-36
31        android:xlargeScreens="true" />
31-->src/main/AndroidManifest.xml:28:9-37
32
33    <application
33-->src/main/AndroidManifest.xml:30:5-414:19
34        android:name="com.github.pockethub.android.PocketHub"
34-->src/main/AndroidManifest.xml:37:9-34
35        android:allowBackup="true"
35-->src/main/AndroidManifest.xml:31:9-35
36        android:appComponentFactory="androidx.core.app.CoreComponentFactory"
36-->[androidx.core:core:1.2.0] AndroidManifest.xml:24:18-86
37        android:debuggable="true"
38        android:hardwareAccelerated="false"
38-->src/main/AndroidManifest.xml:32:9-44
39        android:icon="@drawable/app_icon"
39-->src/main/AndroidManifest.xml:33:9-42
40        android:label="@string/app_name"
40-->src/main/AndroidManifest.xml:35:9-41
41        android:supportsRtl="true"
41-->src/main/AndroidManifest.xml:34:9-35
42        android:theme="@style/Theme.PocketHub"
42-->src/main/AndroidManifest.xml:36:9-47
43        android:usesCleartextTraffic="true" >
43-->src/main/AndroidManifest.xml:38:9-44
44        <activity
44-->src/main/AndroidManifest.xml:40:9-55:20
45            android:name="com.github.pockethub.android.ui.MainActivity"
45-->src/main/AndroidManifest.xml:41:13-44
46            android:configChanges="orientation|keyboardHidden|screenSize"
46-->src/main/AndroidManifest.xml:43:13-74
47            android:hardwareAccelerated="true"
47-->src/main/AndroidManifest.xml:44:13-47
48            android:theme="@style/Theme.PocketHub.NavigationDrawer" >
48-->src/main/AndroidManifest.xml:42:13-68
49            <intent-filter>
49-->src/main/AndroidManifest.xml:46:13-50:29
50                <action android:name="android.intent.action.MAIN" />
50-->src/main/AndroidManifest.xml:47:17-69
50-->src/main/AndroidManifest.xml:47:25-66
51
52                <category android:name="android.intent.category.LAUNCHER" />
52-->src/main/AndroidManifest.xml:49:17-77
52-->src/main/AndroidManifest.xml:49:27-74
53            </intent-filter>
54
55            <meta-data
55-->src/main/AndroidManifest.xml:52:13-54:89
56                android:name="android.app.default_searchable"
56-->src/main/AndroidManifest.xml:53:17-62
57                android:value="com.github.pockethub.android.ui.search.SearchActivity" />
57-->src/main/AndroidManifest.xml:54:17-86
58        </activity>
59        <activity
59-->src/main/AndroidManifest.xml:56:9-70:20
60            android:name="com.github.pockethub.android.ui.gist.CreateGistActivity"
60-->src/main/AndroidManifest.xml:57:13-55
61            android:configChanges="orientation|keyboardHidden|screenSize"
61-->src/main/AndroidManifest.xml:58:13-74
62            android:label="@string/create_gist"
62-->src/main/AndroidManifest.xml:59:13-48
63            android:parentActivityName="com.github.pockethub.android.ui.MainActivity" >
63-->src/main/AndroidManifest.xml:60:13-58
64            <meta-data
64-->src/main/AndroidManifest.xml:62:13-64:80
65                android:name="android.support.PARENT_ACTIVITY"
65-->src/main/AndroidManifest.xml:63:17-63
66                android:value="com.github.pockethub.android.ui.MainActivity" />
66-->src/main/AndroidManifest.xml:64:17-77
67
68            <intent-filter>
68-->src/main/AndroidManifest.xml:65:13-69:29
69                <action android:name="android.intent.action.SEND" />
69-->src/main/AndroidManifest.xml:66:17-69
69-->src/main/AndroidManifest.xml:66:25-66
70
71                <category android:name="android.intent.category.DEFAULT" />
71-->src/main/AndroidManifest.xml:67:17-76
71-->src/main/AndroidManifest.xml:67:27-73
72
73                <data android:mimeType="text/*" />
73-->src/main/AndroidManifest.xml:68:17-51
73-->src/main/AndroidManifest.xml:68:23-48
74            </intent-filter>
75        </activity>
76        <activity
76-->src/main/AndroidManifest.xml:71:9-81:20
77            android:name="com.github.pockethub.android.ui.notification.NotificationActivity"
77-->src/main/AndroidManifest.xml:72:13-65
78            android:configChanges="orientation|keyboardHidden|screenSize"
78-->src/main/AndroidManifest.xml:73:13-74
79            android:hardwareAccelerated="true"
79-->src/main/AndroidManifest.xml:75:13-47
80            android:parentActivityName="com.github.pockethub.android.ui.MainActivity" >
80-->src/main/AndroidManifest.xml:74:13-58
81            <meta-data
81-->src/main/AndroidManifest.xml:62:13-64:80
82                android:name="android.support.PARENT_ACTIVITY"
82-->src/main/AndroidManifest.xml:63:17-63
83                android:value="com.github.pockethub.android.ui.MainActivity" />
83-->src/main/AndroidManifest.xml:64:17-77
84        </activity>
85        <activity
85-->src/main/AndroidManifest.xml:82:9-95:20
86            android:name="com.github.pockethub.android.ui.issue.IssueBrowseActivity"
86-->src/main/AndroidManifest.xml:83:13-57
87            android:configChanges="orientation|keyboardHidden|screenSize"
87-->src/main/AndroidManifest.xml:84:13-74
88            android:hardwareAccelerated="true" >
88-->src/main/AndroidManifest.xml:85:13-47
89            <intent-filter>
89-->src/main/AndroidManifest.xml:86:13-90:29
90                <action android:name="com.github.pockethub.android.debug.repo.issues.VIEW" />
90-->src/main/AndroidManifest.xml:87:25-73
91
92                <category android:name="android.intent.category.DEFAULT" />
92-->src/main/AndroidManifest.xml:67:17-76
92-->src/main/AndroidManifest.xml:67:27-73
93            </intent-filter>
94
95            <meta-data
95-->src/main/AndroidManifest.xml:52:13-54:89
96                android:name="android.app.default_searchable"
96-->src/main/AndroidManifest.xml:53:17-62
97                android:value="com.github.pockethub.android.ui.issue.IssueSearchActivity" />
97-->src/main/AndroidManifest.xml:54:17-86
98        </activity>
99        <activity
99-->src/main/AndroidManifest.xml:96:9-104:20
100            android:name="com.github.pockethub.android.ui.issue.EditIssuesFilterActivity"
100-->src/main/AndroidManifest.xml:97:13-62
101            android:configChanges="orientation|keyboardHidden|screenSize" >
101-->src/main/AndroidManifest.xml:98:13-74
102            <intent-filter>
102-->src/main/AndroidManifest.xml:99:13-103:29
103                <action android:name="com.github.pockethub.android.debug.repo.issues.filter.VIEW" />
103-->src/main/AndroidManifest.xml:100:25-80
104
105                <category android:name="android.intent.category.DEFAULT" />
105-->src/main/AndroidManifest.xml:67:17-76
105-->src/main/AndroidManifest.xml:67:27-73
106            </intent-filter>
107        </activity>
108        <activity
108-->src/main/AndroidManifest.xml:105:9-113:20
109            android:name="com.github.pockethub.android.ui.issue.EditIssueActivity"
109-->src/main/AndroidManifest.xml:106:13-55
110            android:configChanges="orientation|keyboardHidden|screenSize" >
110-->src/main/AndroidManifest.xml:107:13-74
111            <intent-filter>
111-->src/main/AndroidManifest.xml:108:13-112:29
112                <action android:name="com.github.pockethub.android.debug.repo.issues.edit.VIEW" />
112-->src/main/AndroidManifest.xml:109:25-78
113
114                <category android:name="android.intent.category.DEFAULT" />
114-->src/main/AndroidManifest.xml:67:17-76
114-->src/main/AndroidManifest.xml:67:27-73
115            </intent-filter>
116        </activity>
117        <activity
117-->src/main/AndroidManifest.xml:114:9-127:20
118            android:name="com.github.pockethub.android.ui.search.SearchActivity"
118-->src/main/AndroidManifest.xml:115:13-53
119            android:configChanges="orientation|keyboardHidden|screenSize"
119-->src/main/AndroidManifest.xml:116:13-74
120            android:hardwareAccelerated="true"
120-->src/main/AndroidManifest.xml:117:13-47
121            android:label="@string/search_title"
121-->src/main/AndroidManifest.xml:118:13-49
122            android:launchMode="singleTop" >
122-->src/main/AndroidManifest.xml:119:13-43
123            <intent-filter>
123-->src/main/AndroidManifest.xml:120:13-122:29
124                <action android:name="android.intent.action.SEARCH" />
124-->src/main/AndroidManifest.xml:121:17-71
124-->src/main/AndroidManifest.xml:121:25-68
125            </intent-filter>
126
127            <meta-data
127-->src/main/AndroidManifest.xml:124:13-126:66
128                android:name="android.app.searchable"
128-->src/main/AndroidManifest.xml:125:17-54
129                android:resource="@xml/searchable_repos_users" />
129-->src/main/AndroidManifest.xml:126:17-63
130        </activity>
131        <activity
131-->src/main/AndroidManifest.xml:128:9-137:20
132            android:name="com.github.pockethub.android.ui.issue.FiltersViewActivity"
132-->src/main/AndroidManifest.xml:129:13-57
133            android:configChanges="orientation|keyboardHidden|screenSize"
133-->src/main/AndroidManifest.xml:130:13-74
134            android:hardwareAccelerated="true" >
134-->src/main/AndroidManifest.xml:131:13-47
135            <intent-filter>
135-->src/main/AndroidManifest.xml:132:13-136:29
136                <action android:name="com.github.pockethub.android.debug.repo.issues.filters.VIEW" />
136-->src/main/AndroidManifest.xml:133:25-81
137
138                <category android:name="android.intent.category.DEFAULT" />
138-->src/main/AndroidManifest.xml:67:17-76
138-->src/main/AndroidManifest.xml:67:27-73
139            </intent-filter>
140        </activity>
141        <activity
141-->src/main/AndroidManifest.xml:138:9-146:20
142            android:name="com.github.pockethub.android.ui.gist.GistsViewActivity"
142-->src/main/AndroidManifest.xml:139:13-54
143            android:configChanges="orientation|keyboardHidden|screenSize" >
143-->src/main/AndroidManifest.xml:140:13-74
144            <intent-filter>
144-->src/main/AndroidManifest.xml:141:13-145:29
145                <action android:name="com.github.pockethub.android.debug.gists.VIEW" />
145-->src/main/AndroidManifest.xml:142:25-67
146
147                <category android:name="android.intent.category.DEFAULT" />
147-->src/main/AndroidManifest.xml:67:17-76
147-->src/main/AndroidManifest.xml:67:27-73
148            </intent-filter>
149        </activity>
150        <activity
150-->src/main/AndroidManifest.xml:147:9-155:20
151            android:name="com.github.pockethub.android.ui.gist.GistFilesViewActivity"
151-->src/main/AndroidManifest.xml:148:13-58
152            android:configChanges="orientation|keyboardHidden|screenSize" >
152-->src/main/AndroidManifest.xml:149:13-74
153            <intent-filter>
153-->src/main/AndroidManifest.xml:150:13-154:29
154                <action android:name="com.github.pockethub.android.debug.gist.files.VIEW" />
154-->src/main/AndroidManifest.xml:151:25-72
155
156                <category android:name="android.intent.category.DEFAULT" />
156-->src/main/AndroidManifest.xml:67:17-76
156-->src/main/AndroidManifest.xml:67:27-73
157            </intent-filter>
158        </activity>
159        <activity
159-->src/main/AndroidManifest.xml:156:9-164:20
160            android:name="com.github.pockethub.android.ui.issue.CreateCommentActivity"
160-->src/main/AndroidManifest.xml:157:13-59
161            android:configChanges="orientation|keyboardHidden|screenSize" >
161-->src/main/AndroidManifest.xml:158:13-74
162            <intent-filter>
162-->src/main/AndroidManifest.xml:159:13-163:29
163                <action android:name="com.github.pockethub.android.debug.issue.comment.create.VIEW" />
163-->src/main/AndroidManifest.xml:160:25-82
164
165                <category android:name="android.intent.category.DEFAULT" />
165-->src/main/AndroidManifest.xml:67:17-76
165-->src/main/AndroidManifest.xml:67:27-73
166            </intent-filter>
167        </activity>
168        <activity
168-->src/main/AndroidManifest.xml:165:9-173:20
169            android:name="com.github.pockethub.android.ui.issue.EditCommentActivity"
169-->src/main/AndroidManifest.xml:166:13-57
170            android:configChanges="orientation|keyboardHidden|screenSize" >
170-->src/main/AndroidManifest.xml:167:13-74
171            <intent-filter>
171-->src/main/AndroidManifest.xml:168:13-172:29
172                <action android:name="com.github.pockethub.android.debug.issue.comment.edit.VIEW" />
172-->src/main/AndroidManifest.xml:169:25-80
173
174                <category android:name="android.intent.category.DEFAULT" />
174-->src/main/AndroidManifest.xml:67:17-76
174-->src/main/AndroidManifest.xml:67:27-73
175            </intent-filter>
176        </activity>
177        <activity
177-->src/main/AndroidManifest.xml:174:9-182:20
178            android:name="com.github.pockethub.android.ui.gist.CreateCommentActivity"
178-->src/main/AndroidManifest.xml:175:13-58
179            android:configChanges="orientation|keyboardHidden|screenSize" >
179-->src/main/AndroidManifest.xml:176:13-74
180            <intent-filter>
180-->src/main/AndroidManifest.xml:177:13-181:29
181                <action android:name="com.github.pockethub.android.debug.gist.comment.create.VIEW" />
181-->src/main/AndroidManifest.xml:178:25-81
182
183                <category android:name="android.intent.category.DEFAULT" />
183-->src/main/AndroidManifest.xml:67:17-76
183-->src/main/AndroidManifest.xml:67:27-73
184            </intent-filter>
185        </activity>
186        <activity
186-->src/main/AndroidManifest.xml:183:9-191:20
187            android:name="com.github.pockethub.android.ui.gist.EditCommentActivity"
187-->src/main/AndroidManifest.xml:184:13-56
188            android:configChanges="orientation|keyboardHidden|screenSize" >
188-->src/main/AndroidManifest.xml:185:13-74
189            <intent-filter>
189-->src/main/AndroidManifest.xml:186:13-190:29
190                <action android:name="com.github.pockethub.android.debug.gist.comment.edit.VIEW" />
190-->src/main/AndroidManifest.xml:187:25-79
191
192                <category android:name="android.intent.category.DEFAULT" />
192-->src/main/AndroidManifest.xml:67:17-76
192-->src/main/AndroidManifest.xml:67:27-73
193            </intent-filter>
194        </activity>
195        <activity
195-->src/main/AndroidManifest.xml:192:9-200:20
196            android:name="com.github.pockethub.android.ui.commit.CreateCommentActivity"
196-->src/main/AndroidManifest.xml:193:13-60
197            android:configChanges="orientation|keyboardHidden|screenSize" >
197-->src/main/AndroidManifest.xml:194:13-74
198            <intent-filter>
198-->src/main/AndroidManifest.xml:195:13-199:29
199                <action android:name="com.github.pockethub.android.debug.commit.comment.create.VIEW" />
199-->src/main/AndroidManifest.xml:196:25-83
200
201                <category android:name="android.intent.category.DEFAULT" />
201-->src/main/AndroidManifest.xml:67:17-76
201-->src/main/AndroidManifest.xml:67:27-73
202            </intent-filter>
203        </activity>
204        <activity
204-->src/main/AndroidManifest.xml:201:9-214:20
205            android:name="com.github.pockethub.android.ui.repo.RepositoryViewActivity"
205-->src/main/AndroidManifest.xml:202:13-59
206            android:configChanges="orientation|keyboardHidden|screenSize"
206-->src/main/AndroidManifest.xml:203:13-74
207            android:hardwareAccelerated="true" >
207-->src/main/AndroidManifest.xml:204:13-47
208            <intent-filter>
208-->src/main/AndroidManifest.xml:205:13-209:29
209                <action android:name="com.github.pockethub.android.debug.repo.VIEW" />
209-->src/main/AndroidManifest.xml:206:25-66
210
211                <category android:name="android.intent.category.DEFAULT" />
211-->src/main/AndroidManifest.xml:67:17-76
211-->src/main/AndroidManifest.xml:67:27-73
212            </intent-filter>
213
214            <meta-data
214-->src/main/AndroidManifest.xml:52:13-54:89
215                android:name="android.app.default_searchable"
215-->src/main/AndroidManifest.xml:53:17-62
216                android:value="com.github.pockethub.android.ui.issue.IssueSearchActivity" />
216-->src/main/AndroidManifest.xml:54:17-86
217        </activity>
218        <activity
218-->src/main/AndroidManifest.xml:215:9-224:20
219            android:name="com.github.pockethub.android.ui.repo.RepositoryContributorsActivity"
219-->src/main/AndroidManifest.xml:216:13-67
220            android:configChanges="orientation|keyboardHidden|screenSize"
220-->src/main/AndroidManifest.xml:217:13-74
221            android:hardwareAccelerated="true" >
221-->src/main/AndroidManifest.xml:218:13-47
222            <intent-filter>
222-->src/main/AndroidManifest.xml:219:13-223:29
223                <action android:name="com.github.pockethub.android.debug.repo.contributors.VIEW" />
223-->src/main/AndroidManifest.xml:220:25-79
224
225                <category android:name="android.intent.category.DEFAULT" />
225-->src/main/AndroidManifest.xml:67:17-76
225-->src/main/AndroidManifest.xml:67:27-73
226            </intent-filter>
227        </activity>
228        <activity
228-->src/main/AndroidManifest.xml:225:9-234:20
229            android:name="com.github.pockethub.android.ui.user.UserViewActivity"
229-->src/main/AndroidManifest.xml:226:13-53
230            android:configChanges="orientation|keyboardHidden|screenSize"
230-->src/main/AndroidManifest.xml:227:13-74
231            android:hardwareAccelerated="true" >
231-->src/main/AndroidManifest.xml:228:13-47
232            <intent-filter>
232-->src/main/AndroidManifest.xml:229:13-233:29
233                <action android:name="com.github.pockethub.android.debug.user.VIEW" />
233-->src/main/AndroidManifest.xml:230:25-66
234
235                <category android:name="android.intent.category.DEFAULT" />
235-->src/main/AndroidManifest.xml:67:17-76
235-->src/main/AndroidManifest.xml:67:27-73
236            </intent-filter>
237        </activity>
238        <activity
238-->src/main/AndroidManifest.xml:235:9-243:20
239            android:name="com.github.pockethub.android.ui.issue.IssuesViewActivity"
239-->src/main/AndroidManifest.xml:236:13-56
240            android:configChanges="orientation|keyboardHidden|screenSize" >
240-->src/main/AndroidManifest.xml:237:13-74
241            <intent-filter>
241-->src/main/AndroidManifest.xml:238:13-242:29
242                <action android:name="com.github.pockethub.android.debug.issues.VIEW" />
242-->src/main/AndroidManifest.xml:239:25-68
243
244                <category android:name="android.intent.category.DEFAULT" />
244-->src/main/AndroidManifest.xml:67:17-76
244-->src/main/AndroidManifest.xml:67:27-73
245            </intent-filter>
246        </activity>
247
248        <service
248-->src/main/AndroidManifest.xml:245:9-256:19
249            android:name="com.github.pockethub.android.accounts.AccountAuthenticatorService"
249-->src/main/AndroidManifest.xml:246:13-65
250            android:exported="false"
250-->src/main/AndroidManifest.xml:247:13-37
251            android:process=":auth" >
251-->src/main/AndroidManifest.xml:248:13-36
252            <intent-filter>
252-->src/main/AndroidManifest.xml:249:13-251:29
253                <action android:name="android.accounts.AccountAuthenticator" />
253-->src/main/AndroidManifest.xml:250:17-80
253-->src/main/AndroidManifest.xml:250:25-77
254            </intent-filter>
255
256            <meta-data
256-->src/main/AndroidManifest.xml:253:13-255:57
257                android:name="android.accounts.AccountAuthenticator"
257-->src/main/AndroidManifest.xml:254:17-69
258                android:resource="@xml/authenticator" />
258-->src/main/AndroidManifest.xml:255:17-54
259        </service>
260
261        <activity
261-->src/main/AndroidManifest.xml:258:9-272:20
262            android:name="com.github.pockethub.android.accounts.LoginActivity"
262-->src/main/AndroidManifest.xml:259:13-51
263            android:configChanges="orientation|keyboardHidden|screenSize"
263-->src/main/AndroidManifest.xml:260:13-74
264            android:launchMode="singleTop" >
264-->src/main/AndroidManifest.xml:261:13-43
265            <intent-filter>
265-->src/main/AndroidManifest.xml:263:13-270:29
266                <action android:name="android.intent.action.VIEW" />
266-->src/main/AndroidManifest.xml:264:17-69
266-->src/main/AndroidManifest.xml:264:25-66
267
268                <data android:scheme="@string/github_oauth_scheme" />
268-->src/main/AndroidManifest.xml:68:17-51
268-->src/main/AndroidManifest.xml:266:23-67
269
270                <category android:name="android.intent.category.DEFAULT" />
270-->src/main/AndroidManifest.xml:67:17-76
270-->src/main/AndroidManifest.xml:67:27-73
271                <category android:name="android.intent.category.BROWSABLE" />
271-->src/main/AndroidManifest.xml:269:17-78
271-->src/main/AndroidManifest.xml:269:27-75
272            </intent-filter>
273        </activity>
274        <activity
274-->src/main/AndroidManifest.xml:274:9-314:20
275            android:name="com.github.pockethub.android.ui.user.UriLauncherActivity"
275-->src/main/AndroidManifest.xml:275:13-56
276            android:configChanges="orientation|keyboardHidden|screenSize"
276-->src/main/AndroidManifest.xml:276:13-74
277            android:excludeFromRecents="true" >
277-->src/main/AndroidManifest.xml:277:13-46
278            <intent-filter>
278-->src/main/AndroidManifest.xml:278:13-286:29
279                <action android:name="android.intent.action.VIEW" />
279-->src/main/AndroidManifest.xml:264:17-69
279-->src/main/AndroidManifest.xml:264:25-66
280
281                <category android:name="android.intent.category.BROWSABLE" />
281-->src/main/AndroidManifest.xml:269:17-78
281-->src/main/AndroidManifest.xml:269:27-75
282                <category android:name="android.intent.category.DEFAULT" />
282-->src/main/AndroidManifest.xml:67:17-76
282-->src/main/AndroidManifest.xml:67:27-73
283
284                <data
284-->src/main/AndroidManifest.xml:68:17-51
285                    android:host="github.com"
285-->src/main/AndroidManifest.xml:284:21-46
286                    android:scheme="http" />
286-->src/main/AndroidManifest.xml:266:23-67
287            </intent-filter>
288            <intent-filter>
288-->src/main/AndroidManifest.xml:287:13-295:29
289                <action android:name="android.intent.action.VIEW" />
289-->src/main/AndroidManifest.xml:264:17-69
289-->src/main/AndroidManifest.xml:264:25-66
290
291                <category android:name="android.intent.category.BROWSABLE" />
291-->src/main/AndroidManifest.xml:269:17-78
291-->src/main/AndroidManifest.xml:269:27-75
292                <category android:name="android.intent.category.DEFAULT" />
292-->src/main/AndroidManifest.xml:67:17-76
292-->src/main/AndroidManifest.xml:67:27-73
293
294                <data
294-->src/main/AndroidManifest.xml:68:17-51
295                    android:host="github.com"
295-->src/main/AndroidManifest.xml:284:21-46
296                    android:scheme="https" />
296-->src/main/AndroidManifest.xml:266:23-67
297            </intent-filter>
298            <intent-filter>
298-->src/main/AndroidManifest.xml:296:13-304:29
299                <action android:name="android.intent.action.VIEW" />
299-->src/main/AndroidManifest.xml:264:17-69
299-->src/main/AndroidManifest.xml:264:25-66
300
301                <category android:name="android.intent.category.BROWSABLE" />
301-->src/main/AndroidManifest.xml:269:17-78
301-->src/main/AndroidManifest.xml:269:27-75
302                <category android:name="android.intent.category.DEFAULT" />
302-->src/main/AndroidManifest.xml:67:17-76
302-->src/main/AndroidManifest.xml:67:27-73
303
304                <data
304-->src/main/AndroidManifest.xml:68:17-51
305                    android:host="gist.github.com"
305-->src/main/AndroidManifest.xml:284:21-46
306                    android:scheme="http" />
306-->src/main/AndroidManifest.xml:266:23-67
307            </intent-filter>
308            <intent-filter>
308-->src/main/AndroidManifest.xml:305:13-313:29
309                <action android:name="android.intent.action.VIEW" />
309-->src/main/AndroidManifest.xml:264:17-69
309-->src/main/AndroidManifest.xml:264:25-66
310
311                <category android:name="android.intent.category.BROWSABLE" />
311-->src/main/AndroidManifest.xml:269:17-78
311-->src/main/AndroidManifest.xml:269:27-75
312                <category android:name="android.intent.category.DEFAULT" />
312-->src/main/AndroidManifest.xml:67:17-76
312-->src/main/AndroidManifest.xml:67:27-73
313
314                <data
314-->src/main/AndroidManifest.xml:68:17-51
315                    android:host="gist.github.com"
315-->src/main/AndroidManifest.xml:284:21-46
316                    android:scheme="https" />
316-->src/main/AndroidManifest.xml:266:23-67
317            </intent-filter>
318        </activity>
319        <activity
319-->src/main/AndroidManifest.xml:315:9-328:20
320            android:name="com.github.pockethub.android.ui.issue.IssueSearchActivity"
320-->src/main/AndroidManifest.xml:316:13-57
321            android:configChanges="orientation|keyboardHidden|screenSize"
321-->src/main/AndroidManifest.xml:317:13-74
322            android:hardwareAccelerated="true"
322-->src/main/AndroidManifest.xml:318:13-47
323            android:label="@string/search_title"
323-->src/main/AndroidManifest.xml:319:13-49
324            android:launchMode="singleTop" >
324-->src/main/AndroidManifest.xml:320:13-43
325            <intent-filter>
325-->src/main/AndroidManifest.xml:120:13-122:29
326                <action android:name="android.intent.action.SEARCH" />
326-->src/main/AndroidManifest.xml:121:17-71
326-->src/main/AndroidManifest.xml:121:25-68
327            </intent-filter>
328
329            <meta-data
329-->src/main/AndroidManifest.xml:124:13-126:66
330                android:name="android.app.searchable"
330-->src/main/AndroidManifest.xml:125:17-54
331                android:resource="@xml/searchable_issues" />
331-->src/main/AndroidManifest.xml:126:17-63
332        </activity>
333        <activity
333-->src/main/AndroidManifest.xml:329:9-338:20
334            android:name="com.github.pockethub.android.ui.commit.CommitCompareViewActivity"
334-->src/main/AndroidManifest.xml:330:13-64
335            android:configChanges="orientation|keyboardHidden|screenSize"
335-->src/main/AndroidManifest.xml:331:13-74
336            android:label="@string/commit_compare_title" >
336-->src/main/AndroidManifest.xml:332:13-57
337            <intent-filter>
337-->src/main/AndroidManifest.xml:333:13-337:29
338                <action android:name="com.github.pockethub.android.debug.commits.compare.VIEW" />
338-->src/main/AndroidManifest.xml:334:25-77
339
340                <category android:name="android.intent.category.DEFAULT" />
340-->src/main/AndroidManifest.xml:67:17-76
340-->src/main/AndroidManifest.xml:67:27-73
341            </intent-filter>
342        </activity>
343        <activity